\BOOKMARK [0][]{titelseite.0}{Titelseite}{}% 1
\BOOKMARK [0][]{erklaerung.0}{Erkl\344rung}{}% 2
\BOOKMARK [0][]{Inhalt.0}{Inhalt}{}% 3
\BOOKMARK [0][]{chapter*.3}{Abbildungsverzeichnis}{}% 4
\BOOKMARK [0][]{chapter*.4}{Tabellenverzeichnis}{}% 5
\BOOKMARK [0][]{chapter.1}{1 Gesamtsystem}{}% 6
\BOOKMARK [1][]{section.1.1}{1.1 Anforderungen}{chapter.1}% 7
\BOOKMARK [1][]{section.1.2}{1.2 Recherche}{chapter.1}% 8
\BOOKMARK [1][]{section.1.3}{1.3 Konzept}{chapter.1}% 9
\BOOKMARK [0][]{chapter.2}{2 Mechanik}{}% 10
\BOOKMARK [1][]{section.2.1}{2.1 Motor}{chapter.2}% 11
\BOOKMARK [1][]{section.2.2}{2.2 Pr\374fstand}{chapter.2}% 12
\BOOKMARK [0][]{chapter.3}{3 Hardware}{}% 13
\BOOKMARK [1][]{section.3.1}{3.1 System Host}{chapter.3}% 14
\BOOKMARK [1][]{section.3.2}{3.2 Motorsteuerung}{chapter.3}% 15
\BOOKMARK [1][]{section.3.3}{3.3 Strommessung}{chapter.3}% 16
\BOOKMARK [1][]{section.3.4}{3.4 Encoder}{chapter.3}% 17
\BOOKMARK [1][]{section.3.5}{3.5 Wifi Host}{chapter.3}% 18
\BOOKMARK [1][]{section.3.6}{3.6 Spannungsversorgung}{chapter.3}% 19
\BOOKMARK [0][]{chapter.4}{4 Software}{}% 20
\BOOKMARK [1][]{section.4.1}{4.1 System Host}{chapter.4}% 21
\BOOKMARK [2][-]{subsection.4.1.1}{4.1.1 Protocol}{section.4.1}% 22
\BOOKMARK [2][-]{subsection.4.1.2}{4.1.2 UART}{section.4.1}% 23
\BOOKMARK [2][-]{subsection.4.1.3}{4.1.3 CAN}{section.4.1}% 24
\BOOKMARK [2][-]{subsection.4.1.4}{4.1.4 PWM}{section.4.1}% 25
\BOOKMARK [2][-]{subsection.4.1.5}{4.1.5 ADC}{section.4.1}% 26
\BOOKMARK [2][-]{subsection.4.1.6}{4.1.6 SPI}{section.4.1}% 27
\BOOKMARK [2][-]{subsection.4.1.7}{4.1.7 I 2 C}{section.4.1}% 28
\BOOKMARK [2][-]{subsection.4.1.8}{4.1.8 TIMER}{section.4.1}% 29
\BOOKMARK [2][-]{subsection.4.1.9}{4.1.9 QEI}{section.4.1}% 30
\BOOKMARK [1][]{section.4.2}{4.2 Steuerungssoftware}{chapter.4}% 31
\BOOKMARK [2][-]{subsection.4.2.1}{4.2.1 Open Loop Control}{section.4.2}% 32
\BOOKMARK [2][-]{subsection.4.2.2}{4.2.2 Closed Loop Control}{section.4.2}% 33
\BOOKMARK [0][]{appendix.A}{A Schaltpl\344ne}{}% 34
\BOOKMARK [1][]{section.A.1}{A.1 TM4C123GXL Schaltplan}{appendix.A}% 35
